<?xml version="1.0" encoding="UTF-8"?>
<!-- Generated by org.testng.reporters.JUnitReportReporter -->
<testsuite skipped="0" hostname="DESKTOP-OTOFV1S" name="org.test.Sample1" tests="2" failures="0" timestamp="06 Mar 2024 08:39:36 GMT" time="0.031" errors="0">
  <testcase name="test" time="0.021" classname="org.test.Sample1"/>
  <testcase name="test2" time="0.010" classname="org.test.Sample1"/>
</testsuite> <!-- org.test.Sample1 -->
